12:12:37.119 [main] DEBUG org.testng.TestNG - suiteXmlPath: "C:\Workspaces\Karthi_July_29 Space\adactinhotelapp\Master.xml"
12:12:37.471 [main] INFO  org.testng.internal.Utils - [TestNG] Running:
  C:\Workspaces\Karthi_July_29 Space\adactinhotelapp\Master.xml

12:12:43.839 [main] INFO  testCases.TC105_EndToEndTest - ********Started TC105_EndToEndTest*******
12:12:43.840 [main] INFO  testCases.TC105_EndToEndTest - Login Page...
12:12:44.049 [main] INFO  testCases.TC105_EndToEndTest - Provided user name and password......
12:12:44.634 [main] INFO  testCases.TC105_EndToEndTest - clicked login button......
12:12:44.634 [main] INFO  testCases.TC105_EndToEndTest - Search Hotel page........
12:12:45.205 [main] INFO  testCases.TC105_EndToEndTest - provided the necessary informations.........
12:12:45.599 [main] INFO  testCases.TC105_EndToEndTest - clicked search button......
12:12:45.599 [main] INFO  testCases.TC105_EndToEndTest - Select Hotel Page........
12:12:46.065 [main] INFO  testCases.TC105_EndToEndTest - Selected the hotel and clicked contine buttone.........
12:12:46.066 [main] INFO  testCases.TC105_EndToEndTest - Book Hotel Page..........
12:12:46.750 [main] INFO  testCases.TC105_EndToEndTest - provided the information to book the hotel.......
12:12:46.801 [main] INFO  testCases.TC105_EndToEndTest - Clicked book now button.......
12:12:52.452 [main] INFO  testCases.TC105_EndToEndTest - booking confirmed and order ID generated.......
12:13:01.344 [main] INFO  testCases.TC105_EndToEndTest - Entered the search ID and clicked GO button to cancel the booking......
12:13:04.401 [main] INFO  testCases.TC105_EndToEndTest - *****TC105_EndToEndTest Finished*********
12:17:19.557 [main] DEBUG org.testng.TestNG - suiteXmlPath: "C:\Workspaces\Karthi_July_29 Space\adactinhotelapp\Master.xml"
12:17:19.782 [main] INFO  org.testng.internal.Utils - [TestNG] Running:
  C:\Workspaces\Karthi_July_29 Space\adactinhotelapp\Master.xml

12:17:23.078 [main] INFO  testCases.TC105_EndToEndTest - ********Started TC105_EndToEndTest*******
12:17:23.078 [main] INFO  testCases.TC105_EndToEndTest - Login Page...
12:17:23.255 [main] INFO  testCases.TC105_EndToEndTest - Provided user name and password......
12:17:23.812 [main] INFO  testCases.TC105_EndToEndTest - clicked login button......
12:17:23.812 [main] INFO  testCases.TC105_EndToEndTest - Search Hotel page........
12:17:24.406 [main] INFO  testCases.TC105_EndToEndTest - provided the necessary informations.........
12:17:24.606 [main] INFO  testCases.TC105_EndToEndTest - clicked search button......
12:17:24.606 [main] INFO  testCases.TC105_EndToEndTest - Select Hotel Page........
12:17:25.309 [main] INFO  testCases.TC105_EndToEndTest - Selected the hotel and clicked contine buttone.........
12:17:25.309 [main] INFO  testCases.TC105_EndToEndTest - Book Hotel Page..........
12:17:25.860 [main] INFO  testCases.TC105_EndToEndTest - provided the information to book the hotel.......
12:17:25.914 [main] INFO  testCases.TC105_EndToEndTest - Clicked book now button.......
12:17:32.086 [main] INFO  testCases.TC105_EndToEndTest - booking confirmed and order ID generated.......
12:17:41.021 [main] INFO  testCases.TC105_EndToEndTest - Entered the search ID and clicked GO button to cancel the booking......
12:17:58.261 [main] INFO  testCases.TC105_EndToEndTest - *****TC105_EndToEndTest Finished*********
12:45:45.904 [main] DEBUG org.testng.TestNG - suiteXmlPath: "C:\Workspaces\Karthi_July_29 Space\adactinhotelapp\Parallel.xml"
12:45:46.142 [main] INFO  org.testng.internal.Utils - [TestNG] Running:
  C:\Workspaces\Karthi_July_29 Space\adactinhotelapp\Parallel.xml

12:45:52.969 [TestNG-tests-1] INFO  testCases.TC101_LoginTest - *****Login Test has Started ....
12:45:53.134 [TestNG-tests-2] INFO  testCases.TC101_LoginTest - *****Login Test has Started ....
12:46:03.264 [TestNG-tests-1] ERROR testCases.TC101_LoginTest - Test Failed....
12:46:03.264 [TestNG-tests-1] DEBUG testCases.TC101_LoginTest - debug loggs.....
12:46:13.265 [TestNG-tests-2] ERROR testCases.TC101_LoginTest - Test Failed....
12:46:13.266 [TestNG-tests-2] DEBUG testCases.TC101_LoginTest - debug loggs.....
12:46:15.050 [TestNG-tests-3] INFO  testCases.TC101_LoginTest - *****Login Test has Started ....
12:46:16.332 [TestNG-tests-3] ERROR testCases.TC101_LoginTest - Test Failed....
12:46:16.333 [TestNG-tests-3] DEBUG testCases.TC101_LoginTest - debug loggs.....
13:12:16.128 [main] DEBUG org.testng.TestNG - suiteXmlPath: "C:\Workspaces\Karthi_July_29 Space\adactinhotelapp\Master.xml"
13:13:12.598 [main] DEBUG org.testng.TestNG - suiteXmlPath: "C:\Workspaces\Karthi_July_29 Space\adactinhotelapp\Master.xml"
13:13:12.907 [main] INFO  org.testng.internal.Utils - [TestNG] Running:
  C:\Workspaces\Karthi_July_29 Space\adactinhotelapp\Master.xml

13:13:17.182 [main] INFO  testCases.TC101_LoginTest - *****Login Test has Started ....
13:13:17.416 [main] INFO  testCases.TC101_LoginTest - Provided the username and password
13:13:18.026 [main] INFO  testCases.TC101_LoginTest - clicked login button
13:13:18.036 [main] INFO  testCases.TC101_LoginTest - Validation Done: Login successful
13:13:18.314 [main] INFO  testCases.TC101_LoginTest - clicked log out button
13:13:18.566 [main] INFO  testCases.TC101_LoginTest - *******Finished TC101_LoginTest*******
13:13:22.405 [main] INFO  testCases.TC102_SearchHotelsTest - *******Started TC102_SearchHotelsTest********
13:13:22.886 [main] INFO  testCases.TC102_SearchHotelsTest - provided all the necessary informations....... 
13:13:23.074 [main] INFO  testCases.TC102_SearchHotelsTest - clicked search button and verifying the target page:
13:13:23.539 [main] INFO  testCases.TC102_SearchHotelsTest - Logout done and loging again.....
13:13:24.294 [main] INFO  testCases.TC102_SearchHotelsTest - *******Started TC102_SearchHotelsTest********
13:13:25.405 [main] INFO  testCases.TC102_SearchHotelsTest - provided all the necessary informations....... 
13:13:25.405 [main] INFO  testCases.TC102_SearchHotelsTest - clicked search button and verifying the target page...
13:13:25.648 [main] INFO  testCases.TC102_SearchHotelsTest - Logout done and loging again.....
13:13:26.362 [main] INFO  testCases.TC102_SearchHotelsTest - *******Started TC102_SearchHotelsTest********
13:13:26.631 [main] INFO  testCases.TC102_SearchHotelsTest - provided all the necessary informations....... 
13:13:26.631 [main] INFO  testCases.TC102_SearchHotelsTest - clicked search button and verifying the check-in date...
13:13:26.883 [main] INFO  testCases.TC102_SearchHotelsTest - Logout done and loging again.....
13:13:27.582 [main] INFO  testCases.TC102_SearchHotelsTest - *******Started TC102_SearchHotelsTest********
13:13:27.939 [main] INFO  testCases.TC102_SearchHotelsTest - provided all the necessary informations....... 
13:13:27.939 [main] INFO  testCases.TC102_SearchHotelsTest - clicked search button and verifying check-out date...
13:13:28.204 [main] INFO  testCases.TC102_SearchHotelsTest - Logout done and loging again.....
13:13:28.913 [main] INFO  testCases.TC102_SearchHotelsTest - *******Started TC102_SearchHotelsTest********
13:13:29.543 [main] INFO  testCases.TC102_SearchHotelsTest - provided all the necessary informations....... 
13:13:29.543 [main] INFO  testCases.TC102_SearchHotelsTest - clicked search button and verifying the date format...
13:13:40.009 [main] INFO  testCases.TC102_SearchHotelsTest - Logout done and loging again.....
13:13:40.842 [main] INFO  testCases.TC102_SearchHotelsTest - *******Started TC102_SearchHotelsTest********
13:13:41.509 [main] INFO  testCases.TC102_SearchHotelsTest - provided all the necessary informations....... 
13:13:41.509 [main] INFO  testCases.TC102_SearchHotelsTest - clicked search button and verifying the date format
13:13:52.338 [main] INFO  testCases.TC102_SearchHotelsTest - Logout done and loging again.....
13:13:53.199 [main] INFO  testCases.TC102_SearchHotelsTest - *******Started TC102_SearchHotelsTest********
13:13:53.575 [main] INFO  testCases.TC102_SearchHotelsTest - provided all the necessary informations....... 
13:13:53.575 [main] INFO  testCases.TC102_SearchHotelsTest - clicked search button and verifying the missing location...
13:13:53.826 [main] INFO  testCases.TC102_SearchHotelsTest - Logout done and loging again.....
13:13:57.131 [main] INFO  testCases.TC103_SelectHotelTest - *********Started TC103_SelectHotelTest********
13:13:57.131 [main] INFO  testCases.TC103_SelectHotelTest - Landed in log-in page.....
13:13:57.794 [main] INFO  testCases.TC103_SelectHotelTest - Provided user name and password
13:13:57.794 [main] INFO  testCases.TC103_SelectHotelTest - landed in search hotel page....
13:13:58.331 [main] INFO  testCases.TC103_SelectHotelTest - Provided necessary information for search hotel page....
13:13:58.703 [main] INFO  testCases.TC103_SelectHotelTest - cliccked search button......
13:13:59.160 [main] INFO  testCases.TC103_SelectHotelTest - landed in select hotel page and verifying the url..
13:13:59.174 [main] INFO  testCases.TC103_SelectHotelTest - clicked logout and login again..
13:13:59.675 [main] INFO  testCases.TC103_SelectHotelTest - *********Started TC103_SelectHotelTest********
13:13:59.675 [main] INFO  testCases.TC103_SelectHotelTest - Landed in log-in page.....
13:14:00.197 [main] INFO  testCases.TC103_SelectHotelTest - Provided user name and password
13:14:00.197 [main] INFO  testCases.TC103_SelectHotelTest - landed in search hotel page....
13:14:00.741 [main] INFO  testCases.TC103_SelectHotelTest - Provided necessary information for search hotel page....
13:14:00.963 [main] INFO  testCases.TC103_SelectHotelTest - cliccked search button......
13:14:01.016 [main] INFO  testCases.TC103_SelectHotelTest - landed in select hotel page and verifying the location..
13:14:01.061 [main] INFO  testCases.TC103_SelectHotelTest - clicked logout and login again..
13:14:01.507 [main] INFO  testCases.TC103_SelectHotelTest - *********Started TC103_SelectHotelTest********
13:14:01.507 [main] INFO  testCases.TC103_SelectHotelTest - Landed in log-in page.....
13:14:02.021 [main] INFO  testCases.TC103_SelectHotelTest - Provided user name and password
13:14:02.021 [main] INFO  testCases.TC103_SelectHotelTest - landed in search hotel page....
13:14:02.476 [main] INFO  testCases.TC103_SelectHotelTest - Provided necessary information for search hotel page....
13:14:02.702 [main] INFO  testCases.TC103_SelectHotelTest - cliccked search button......
13:14:02.755 [main] INFO  testCases.TC103_SelectHotelTest - landed in select hotel page and clicked continue button..
13:14:02.757 [main] INFO  testCases.TC103_SelectHotelTest - clicked logout and login again..
13:14:03.230 [main] INFO  testCases.TC103_SelectHotelTest - *********Started TC103_SelectHotelTest********
13:14:03.230 [main] INFO  testCases.TC103_SelectHotelTest - Landed in log-in page.....
13:14:03.702 [main] INFO  testCases.TC103_SelectHotelTest - Provided user name and password
13:14:03.703 [main] INFO  testCases.TC103_SelectHotelTest - landed in search hotel page....
13:14:04.220 [main] INFO  testCases.TC103_SelectHotelTest - Provided necessary information for search hotel page....
13:14:04.451 [main] INFO  testCases.TC103_SelectHotelTest - cliccked search button......
13:14:04.453 [main] INFO  testCases.TC103_SelectHotelTest - landed in select hotel page and validating each field..
13:14:04.514 [main] INFO  testCases.TC103_SelectHotelTest - clicked logout and login again..
13:14:07.583 [main] INFO  testCases.TC104_BookHotelTest - ******* Started TC104_BookHotelTest**********
13:14:07.583 [main] INFO  testCases.TC104_BookHotelTest - Login page.........
13:14:08.246 [main] INFO  testCases.TC104_BookHotelTest - SearchHotel page.....
13:14:08.722 [main] INFO  testCases.TC104_BookHotelTest - clicked search button........
13:14:08.722 [main] INFO  testCases.TC104_BookHotelTest - Select Hotel page.....
13:14:09.177 [main] INFO  testCases.TC104_BookHotelTest - clicked Continue button........
13:14:09.179 [main] INFO  testCases.TC104_BookHotelTest - book Hotel page.....
13:14:09.739 [main] INFO  testCases.TC104_BookHotelTest - provided necessary information and clicked book now button........
13:14:18.602 [main] INFO  testCases.TC104_BookHotelTest - *****TC104_BookHotelTest Finished*********
13:14:21.466 [main] INFO  testCases.TC105_BookedCancellationTest - ********Started TC105_BookedCancellationTest*******
13:14:21.466 [main] INFO  testCases.TC105_BookedCancellationTest - Login Page...
13:14:21.635 [main] INFO  testCases.TC105_BookedCancellationTest - Provided user name and password......
13:14:22.167 [main] INFO  testCases.TC105_BookedCancellationTest - clicked login button......
13:14:23.205 [main] INFO  testCases.TC105_BookedCancellationTest - clicked Booked Itinerary button
13:14:23.205 [main] INFO  testCases.TC105_BookedCancellationTest - Booked Itinerary ......
13:14:25.930 [main] INFO  testCases.TC105_EndToEndTest - ********Started TC105_EndToEndTest*******
13:14:25.930 [main] INFO  testCases.TC105_EndToEndTest - Login Page...
13:14:26.093 [main] INFO  testCases.TC105_EndToEndTest - Provided user name and password......
13:14:26.631 [main] INFO  testCases.TC105_EndToEndTest - clicked login button......
13:14:26.631 [main] INFO  testCases.TC105_EndToEndTest - Search Hotel page........
13:14:27.132 [main] INFO  testCases.TC105_EndToEndTest - provided the necessary informations.........
13:14:27.509 [main] INFO  testCases.TC105_EndToEndTest - clicked search button......
13:14:27.509 [main] INFO  testCases.TC105_EndToEndTest - Select Hotel Page........
13:14:27.964 [main] INFO  testCases.TC105_EndToEndTest - Selected the hotel and clicked contine buttone.........
13:14:27.964 [main] INFO  testCases.TC105_EndToEndTest - Book Hotel Page..........
13:14:28.477 [main] INFO  testCases.TC105_EndToEndTest - provided the information to book the hotel.......
13:14:28.525 [main] INFO  testCases.TC105_EndToEndTest - Clicked book now button.......
13:14:34.264 [main] INFO  testCases.TC105_EndToEndTest - booking confirmed and order ID generated.......
13:14:42.694 [main] INFO  testCases.TC105_EndToEndTest - Entered the search ID and clicked GO button to cancel the booking......
13:30:58.219 [main] DEBUG org.testng.TestNG - suiteXmlPath: "C:\Workspaces\Karthi_July_29 Space\adactinhotelapp\groups.xml"
13:30:58.524 [main] INFO  org.testng.internal.Utils - [TestNG] Running:
  C:\Workspaces\Karthi_July_29 Space\adactinhotelapp\groups.xml

13:32:27.654 [main] DEBUG org.testng.TestNG - suiteXmlPath: "C:\Workspaces\Karthi_July_29 Space\adactinhotelapp\groups.xml"
13:32:27.924 [main] INFO  org.testng.internal.Utils - [TestNG] Running:
  C:\Workspaces\Karthi_July_29 Space\adactinhotelapp\groups.xml

13:32:30.925 [main] INFO  testCases.TC101_LoginTest - *****Login Test has Started ....
13:32:31.109 [main] INFO  testCases.TC101_LoginTest - Provided the username and password
13:32:31.740 [main] INFO  testCases.TC101_LoginTest - clicked login button
13:32:31.751 [main] INFO  testCases.TC101_LoginTest - Validation Done: Login successful
13:32:32.002 [main] INFO  testCases.TC101_LoginTest - clicked log out button
13:32:32.264 [main] INFO  testCases.TC101_LoginTest - *******Finished TC101_LoginTest*******
13:40:56.392 [main] DEBUG org.testng.TestNG - suiteXmlPath: "C:\Workspaces\Karthi_July_29 Space\adactinhotelapp\master.xml"
13:41:00.048 [main] INFO  testCases.TC101_LoginTest - *****Login Test has Started ....
13:41:00.272 [main] INFO  testCases.TC101_LoginTest - Provided the username and password
13:41:00.856 [main] INFO  testCases.TC101_LoginTest - clicked login button
13:41:00.867 [main] INFO  testCases.TC101_LoginTest - Validation Done: Login successful
13:41:01.144 [main] INFO  testCases.TC101_LoginTest - clicked log out button
13:41:01.393 [main] INFO  testCases.TC101_LoginTest - *******Finished TC101_LoginTest*******
13:41:05.140 [main] INFO  testCases.TC102_SearchHotelsTest - *******Started TC102_SearchHotelsTest********
13:41:05.675 [main] INFO  testCases.TC102_SearchHotelsTest - provided all the necessary informations....... 
13:41:06.033 [main] INFO  testCases.TC102_SearchHotelsTest - clicked search button and verifying the target page:
13:41:06.305 [main] INFO  testCases.TC102_SearchHotelsTest - Logout done and loging again.....
13:41:07.098 [main] INFO  testCases.TC102_SearchHotelsTest - *******Started TC102_SearchHotelsTest********
13:41:08.171 [main] INFO  testCases.TC102_SearchHotelsTest - provided all the necessary informations....... 
13:41:08.171 [main] INFO  testCases.TC102_SearchHotelsTest - clicked search button and verifying the target page...
13:41:08.402 [main] INFO  testCases.TC102_SearchHotelsTest - Logout done and loging again.....
13:41:09.096 [main] INFO  testCases.TC102_SearchHotelsTest - *******Started TC102_SearchHotelsTest********
13:41:09.382 [main] INFO  testCases.TC102_SearchHotelsTest - provided all the necessary informations....... 
13:41:09.382 [main] INFO  testCases.TC102_SearchHotelsTest - clicked search button and verifying the check-in date...
13:41:09.621 [main] INFO  testCases.TC102_SearchHotelsTest - Logout done and loging again.....
13:41:10.405 [main] INFO  testCases.TC102_SearchHotelsTest - *******Started TC102_SearchHotelsTest********
13:41:10.737 [main] INFO  testCases.TC102_SearchHotelsTest - provided all the necessary informations....... 
13:41:10.737 [main] INFO  testCases.TC102_SearchHotelsTest - clicked search button and verifying check-out date...
13:41:11.017 [main] INFO  testCases.TC102_SearchHotelsTest - Logout done and loging again.....
13:41:11.718 [main] INFO  testCases.TC102_SearchHotelsTest - *******Started TC102_SearchHotelsTest********
13:41:12.426 [main] INFO  testCases.TC102_SearchHotelsTest - provided all the necessary informations....... 
13:41:12.426 [main] INFO  testCases.TC102_SearchHotelsTest - clicked search button and verifying the date format...
13:41:23.334 [main] INFO  testCases.TC102_SearchHotelsTest - Logout done and loging again.....
13:41:24.140 [main] INFO  testCases.TC102_SearchHotelsTest - *******Started TC102_SearchHotelsTest********
13:41:24.767 [main] INFO  testCases.TC102_SearchHotelsTest - provided all the necessary informations....... 
13:41:24.767 [main] INFO  testCases.TC102_SearchHotelsTest - clicked search button and verifying the date format
13:41:35.574 [main] INFO  testCases.TC102_SearchHotelsTest - Logout done and loging again.....
13:41:36.318 [main] INFO  testCases.TC102_SearchHotelsTest - *******Started TC102_SearchHotelsTest********
13:41:36.721 [main] INFO  testCases.TC102_SearchHotelsTest - provided all the necessary informations....... 
13:41:36.721 [main] INFO  testCases.TC102_SearchHotelsTest - clicked search button and verifying the missing location...
13:41:36.960 [main] INFO  testCases.TC102_SearchHotelsTest - Logout done and loging again.....
13:41:39.896 [main] INFO  testCases.TC103_SelectHotelTest - *********Started TC103_SelectHotelTest********
13:41:39.896 [main] INFO  testCases.TC103_SelectHotelTest - Landed in log-in page.....
13:41:40.604 [main] INFO  testCases.TC103_SelectHotelTest - Provided user name and password
13:41:40.604 [main] INFO  testCases.TC103_SelectHotelTest - landed in search hotel page....
13:41:41.154 [main] INFO  testCases.TC103_SelectHotelTest - Provided necessary information for search hotel page....
13:41:41.549 [main] INFO  testCases.TC103_SelectHotelTest - cliccked search button......
13:41:42.069 [main] INFO  testCases.TC103_SelectHotelTest - landed in select hotel page and verifying the url..
13:41:42.074 [main] INFO  testCases.TC103_SelectHotelTest - clicked logout and login again..
13:41:42.581 [main] INFO  testCases.TC103_SelectHotelTest - *********Started TC103_SelectHotelTest********
13:41:42.581 [main] INFO  testCases.TC103_SelectHotelTest - Landed in log-in page.....
13:41:43.169 [main] INFO  testCases.TC103_SelectHotelTest - Provided user name and password
13:41:43.169 [main] INFO  testCases.TC103_SelectHotelTest - landed in search hotel page....
13:41:43.638 [main] INFO  testCases.TC103_SelectHotelTest - Provided necessary information for search hotel page....
13:41:44.298 [main] INFO  testCases.TC103_SelectHotelTest - cliccked search button......
13:41:44.349 [main] INFO  testCases.TC103_SelectHotelTest - landed in select hotel page and verifying the location..
13:41:44.389 [main] INFO  testCases.TC103_SelectHotelTest - clicked logout and login again..
13:41:44.865 [main] INFO  testCases.TC103_SelectHotelTest - *********Started TC103_SelectHotelTest********
13:41:44.866 [main] INFO  testCases.TC103_SelectHotelTest - Landed in log-in page.....
13:41:45.326 [main] INFO  testCases.TC103_SelectHotelTest - Provided user name and password
13:41:45.326 [main] INFO  testCases.TC103_SelectHotelTest - landed in search hotel page....
13:41:45.873 [main] INFO  testCases.TC103_SelectHotelTest - Provided necessary information for search hotel page....
13:41:46.117 [main] INFO  testCases.TC103_SelectHotelTest - cliccked search button......
13:41:46.168 [main] INFO  testCases.TC103_SelectHotelTest - landed in select hotel page and clicked continue button..
13:41:46.169 [main] INFO  testCases.TC103_SelectHotelTest - clicked logout and login again..
13:41:46.638 [main] INFO  testCases.TC103_SelectHotelTest - *********Started TC103_SelectHotelTest********
13:41:46.638 [main] INFO  testCases.TC103_SelectHotelTest - Landed in log-in page.....
13:41:47.170 [main] INFO  testCases.TC103_SelectHotelTest - Provided user name and password
13:41:47.173 [main] INFO  testCases.TC103_SelectHotelTest - landed in search hotel page....
13:41:47.673 [main] INFO  testCases.TC103_SelectHotelTest - Provided necessary information for search hotel page....
13:41:47.937 [main] INFO  testCases.TC103_SelectHotelTest - cliccked search button......
13:41:47.938 [main] INFO  testCases.TC103_SelectHotelTest - landed in select hotel page and validating each field..
13:41:47.995 [main] INFO  testCases.TC103_SelectHotelTest - clicked logout and login again..
13:41:51.053 [main] INFO  testCases.TC104_BookHotelTest - ******* Started TC104_BookHotelTest**********
13:41:51.053 [main] INFO  testCases.TC104_BookHotelTest - Login page.........
13:41:51.763 [main] INFO  testCases.TC104_BookHotelTest - SearchHotel page.....
13:41:52.223 [main] INFO  testCases.TC104_BookHotelTest - clicked search button........
13:41:52.223 [main] INFO  testCases.TC104_BookHotelTest - Select Hotel page.....
13:41:52.676 [main] INFO  testCases.TC104_BookHotelTest - clicked Continue button........
13:41:52.677 [main] INFO  testCases.TC104_BookHotelTest - book Hotel page.....
13:41:53.219 [main] INFO  testCases.TC104_BookHotelTest - provided necessary information and clicked book now button........
13:42:02.412 [main] INFO  testCases.TC104_BookHotelTest - *****TC104_BookHotelTest Finished*********
13:42:04.486 [main] INFO  testCases.TC105_BookingConfirmationTest - ********Started TC105_BookingConfirmationTest*******
13:42:04.486 [main] INFO  testCases.TC105_BookingConfirmationTest - Login Page...
13:42:05.230 [main] INFO  testCases.TC105_BookingConfirmationTest - Provided user name and password......
13:42:05.768 [main] INFO  testCases.TC105_BookingConfirmationTest - clicked login button......
13:42:05.768 [main] INFO  testCases.TC105_BookingConfirmationTest - Search Hotel page........
13:42:06.001 [main] INFO  testCases.TC105_BookingConfirmationTest - provided the necessary informations.........
13:42:06.363 [main] INFO  testCases.TC105_BookingConfirmationTest - clicked search button......
13:42:06.363 [main] INFO  testCases.TC105_BookingConfirmationTest - Select Hotel Page........
13:42:06.797 [main] INFO  testCases.TC105_BookingConfirmationTest - Selected the hotel and clicked contine buttone.........
13:42:06.797 [main] INFO  testCases.TC105_BookingConfirmationTest - Book Hotel Page..........
13:42:07.321 [main] INFO  testCases.TC105_BookingConfirmationTest - provided the information to book the hotel.......
13:42:07.370 [main] INFO  testCases.TC105_BookingConfirmationTest - Clicked book now button.......
13:42:13.123 [main] INFO  testCases.TC105_BookingConfirmationTest - booking confirmed and order ID generated.......
13:42:20.781 [main] INFO  testCases.TC105_BookingConfirmationTest - *****TC105_BookingConfirmationTest Finished*********
13:42:22.911 [main] INFO  testCases.TC105_BookedCancellationTest - ********Started TC105_BookedCancellationTest*******
13:42:22.912 [main] INFO  testCases.TC105_BookedCancellationTest - Login Page...
13:42:23.614 [main] INFO  testCases.TC105_BookedCancellationTest - Provided user name and password......
13:42:24.172 [main] INFO  testCases.TC105_BookedCancellationTest - clicked login button......
13:42:25.219 [main] INFO  testCases.TC105_BookedCancellationTest - clicked Booked Itinerary button
13:42:25.220 [main] INFO  testCases.TC105_BookedCancellationTest - Booked Itinerary ......
13:42:29.816 [main] INFO  testCases.TC105_BookedCancellationTest - Entered the search ID and clicked GO button to cancel the booking......
13:42:37.288 [main] INFO  testCases.TC105_EndToEndTest - ********Started TC105_EndToEndTest*******
13:42:37.288 [main] INFO  testCases.TC105_EndToEndTest - Login Page...
13:42:38.001 [main] INFO  testCases.TC105_EndToEndTest - Provided user name and password......
13:42:38.522 [main] INFO  testCases.TC105_EndToEndTest - clicked login button......
13:42:38.522 [main] INFO  testCases.TC105_EndToEndTest - Search Hotel page........
13:42:39.025 [main] INFO  testCases.TC105_EndToEndTest - provided the necessary informations.........
13:42:39.215 [main] INFO  testCases.TC105_EndToEndTest - clicked search button......
13:42:39.215 [main] INFO  testCases.TC105_EndToEndTest - Select Hotel Page........
13:42:39.830 [main] INFO  testCases.TC105_EndToEndTest - Selected the hotel and clicked contine buttone.........
13:42:39.830 [main] INFO  testCases.TC105_EndToEndTest - Book Hotel Page..........
13:42:40.336 [main] INFO  testCases.TC105_EndToEndTest - provided the information to book the hotel.......
13:42:40.384 [main] INFO  testCases.TC105_EndToEndTest - Clicked book now button.......
13:42:46.157 [main] INFO  testCases.TC105_EndToEndTest - booking confirmed and order ID generated.......
13:42:54.993 [main] INFO  testCases.TC105_EndToEndTest - Entered the search ID and clicked GO button to cancel the booking......
13:50:53.437 [main] DEBUG org.testng.TestNG - suiteXmlPath: "C:\Workspaces\Karthi_July_29 Space\adactinhotelapp\testng.xml"
13:50:53.690 [main] INFO  org.testng.internal.Utils - [TestNG] Running:
  C:\Workspaces\Karthi_July_29 Space\adactinhotelapp\testng.xml

13:50:56.867 [main] INFO  testCases.TC105_EndToEndTest - ********Started TC105_EndToEndTest*******
13:50:56.867 [main] INFO  testCases.TC105_EndToEndTest - Login Page...
13:50:57.058 [main] INFO  testCases.TC105_EndToEndTest - Provided user name and password......
13:50:57.604 [main] INFO  testCases.TC105_EndToEndTest - clicked login button......
13:50:57.604 [main] INFO  testCases.TC105_EndToEndTest - Search Hotel page........
13:50:58.252 [main] INFO  testCases.TC105_EndToEndTest - provided the necessary informations.........
13:50:58.626 [main] INFO  testCases.TC105_EndToEndTest - clicked search button......
13:50:58.628 [main] INFO  testCases.TC105_EndToEndTest - Select Hotel Page........
13:50:58.931 [main] INFO  testCases.TC105_EndToEndTest - Selected the hotel and clicked contine buttone.........
13:50:58.931 [main] INFO  testCases.TC105_EndToEndTest - Book Hotel Page..........
13:50:59.684 [main] INFO  testCases.TC105_EndToEndTest - provided the information to book the hotel.......
13:50:59.733 [main] INFO  testCases.TC105_EndToEndTest - Clicked book now button.......
13:51:05.580 [main] INFO  testCases.TC105_EndToEndTest - booking confirmed and order ID generated.......
13:51:14.590 [main] INFO  testCases.TC105_EndToEndTest - Entered the search ID and clicked GO button to cancel the booking......
14:00:18.108 [main] DEBUG org.testng.TestNG - suiteXmlPath: "C:\Workspaces\Karthi_July_29 Space\adactinhotelapp\testng.xml"
14:00:18.325 [main] INFO  org.testng.internal.Utils - [TestNG] Running:
  C:\Workspaces\Karthi_July_29 Space\adactinhotelapp\testng.xml

14:00:21.368 [main] INFO  testCases.TC105_EndToEndTest - ********Started TC105_EndToEndTest*******
14:00:21.368 [main] INFO  testCases.TC105_EndToEndTest - Login Page...
14:00:21.551 [main] INFO  testCases.TC105_EndToEndTest - Provided user name and password......
14:00:22.089 [main] INFO  testCases.TC105_EndToEndTest - clicked login button......
14:00:22.089 [main] INFO  testCases.TC105_EndToEndTest - Search Hotel page........
14:00:22.706 [main] INFO  testCases.TC105_EndToEndTest - provided the necessary informations.........
14:00:23.075 [main] INFO  testCases.TC105_EndToEndTest - clicked search button......
14:00:23.075 [main] INFO  testCases.TC105_EndToEndTest - Select Hotel Page........
14:00:23.348 [main] INFO  testCases.TC105_EndToEndTest - Selected the hotel and clicked contine buttone.........
14:00:23.348 [main] INFO  testCases.TC105_EndToEndTest - Book Hotel Page..........
14:00:24.110 [main] INFO  testCases.TC105_EndToEndTest - provided the information to book the hotel.......
14:00:24.172 [main] INFO  testCases.TC105_EndToEndTest - Clicked book now button.......
14:00:29.980 [main] INFO  testCases.TC105_EndToEndTest - booking confirmed and order ID generated.......
14:00:39.293 [main] INFO  testCases.TC105_EndToEndTest - Entered the search ID and clicked GO button to cancel the booking......
14:03:59.966 [main] DEBUG org.testng.TestNG - suiteXmlPath: "C:\Workspaces\Karthi_July_29 Space\adactinhotelapp\testng.xml"
14:04:00.183 [main] INFO  org.testng.internal.Utils - [TestNG] Running:
  C:\Workspaces\Karthi_July_29 Space\adactinhotelapp\testng.xml

14:04:03.257 [main] INFO  testCases.TC105_EndToEndTest - ********Started TC105_EndToEndTest*******
14:04:03.257 [main] INFO  testCases.TC105_EndToEndTest - Login Page...
14:04:03.430 [main] INFO  testCases.TC105_EndToEndTest - Provided user name and password......
14:04:04.043 [main] INFO  testCases.TC105_EndToEndTest - clicked login button......
14:04:04.044 [main] INFO  testCases.TC105_EndToEndTest - Search Hotel page........
14:04:04.612 [main] INFO  testCases.TC105_EndToEndTest - provided the necessary informations.........
14:04:04.963 [main] INFO  testCases.TC105_EndToEndTest - clicked search button......
14:04:04.964 [main] INFO  testCases.TC105_EndToEndTest - Select Hotel Page........
14:04:05.447 [main] INFO  testCases.TC105_EndToEndTest - Selected the hotel and clicked contine buttone.........
14:04:05.447 [main] INFO  testCases.TC105_EndToEndTest - Book Hotel Page..........
14:04:06.016 [main] INFO  testCases.TC105_EndToEndTest - provided the information to book the hotel.......
14:04:06.065 [main] INFO  testCases.TC105_EndToEndTest - Clicked book now button.......
14:04:12.582 [main] INFO  testCases.TC105_EndToEndTest - booking confirmed and order ID generated.......
14:04:21.140 [main] INFO  testCases.TC105_EndToEndTest - Entered the search ID and clicked GO button to cancel the booking......
14:10:15.107 [main] DEBUG org.testng.TestNG - suiteXmlPath: "C:\Workspaces\Karthi_July_29 Space\adactinhotelapp\testng.xml"
14:10:15.323 [main] INFO  org.testng.internal.Utils - [TestNG] Running:
  C:\Workspaces\Karthi_July_29 Space\adactinhotelapp\testng.xml

14:10:18.329 [main] INFO  testCases.TC105_EndToEndTest - ********Started TC105_EndToEndTest*******
14:10:18.329 [main] INFO  testCases.TC105_EndToEndTest - Login Page...
14:10:18.497 [main] INFO  testCases.TC105_EndToEndTest - Provided user name and password......
14:10:19.002 [main] INFO  testCases.TC105_EndToEndTest - clicked login button......
14:10:19.002 [main] INFO  testCases.TC105_EndToEndTest - Search Hotel page........
14:10:19.589 [main] INFO  testCases.TC105_EndToEndTest - provided the necessary informations.........
14:10:19.949 [main] INFO  testCases.TC105_EndToEndTest - clicked search button......
14:10:19.951 [main] INFO  testCases.TC105_EndToEndTest - Select Hotel Page........
14:10:20.416 [main] INFO  testCases.TC105_EndToEndTest - Selected the hotel and clicked contine buttone.........
14:10:20.416 [main] INFO  testCases.TC105_EndToEndTest - Book Hotel Page..........
14:10:20.979 [main] INFO  testCases.TC105_EndToEndTest - provided the information to book the hotel.......
14:10:21.027 [main] INFO  testCases.TC105_EndToEndTest - Clicked book now button.......
14:10:26.824 [main] INFO  testCases.TC105_EndToEndTest - booking confirmed and order ID generated.......
14:10:35.572 [main] INFO  testCases.TC105_EndToEndTest - Entered the search ID and clicked GO button to cancel the booking......
14:10:47.754 [main] INFO  testCases.TC105_EndToEndTest - Cancelled the order successfully.......
14:10:55.753 [main] INFO  testCases.TC105_EndToEndTest - *****TC105_EndToEndTest Finished*********
14:11:28.824 [main] DEBUG org.testng.TestNG - suiteXmlPath: "C:\Workspaces\Karthi_July_29 Space\adactinhotelapp\testng.xml"
14:11:29.036 [main] INFO  org.testng.internal.Utils - [TestNG] Running:
  C:\Workspaces\Karthi_July_29 Space\adactinhotelapp\testng.xml

14:11:32.141 [main] INFO  testCases.TC105_EndToEndTest - ********Started TC105_EndToEndTest*******
14:11:32.141 [main] INFO  testCases.TC105_EndToEndTest - Login Page...
14:11:32.321 [main] INFO  testCases.TC105_EndToEndTest - Provided user name and password......
14:11:32.870 [main] INFO  testCases.TC105_EndToEndTest - clicked login button......
14:11:32.870 [main] INFO  testCases.TC105_EndToEndTest - Search Hotel page........
14:11:33.495 [main] INFO  testCases.TC105_EndToEndTest - provided the necessary informations.........
14:11:33.692 [main] INFO  testCases.TC105_EndToEndTest - clicked search button......
14:11:33.693 [main] INFO  testCases.TC105_EndToEndTest - Select Hotel Page........
14:11:34.330 [main] INFO  testCases.TC105_EndToEndTest - Selected the hotel and clicked contine buttone.........
14:11:34.331 [main] INFO  testCases.TC105_EndToEndTest - Book Hotel Page..........
14:11:34.902 [main] INFO  testCases.TC105_EndToEndTest - provided the information to book the hotel.......
14:11:34.956 [main] INFO  testCases.TC105_EndToEndTest - Clicked book now button.......
14:11:40.989 [main] INFO  testCases.TC105_EndToEndTest - booking confirmed and order ID generated.......
14:11:50.339 [main] INFO  testCases.TC105_EndToEndTest - Entered the search ID and clicked GO button to cancel the booking......
14:12:05.322 [main] INFO  testCases.TC105_EndToEndTest - Cancelled the order successfully.......
14:12:09.281 [main] INFO  testCases.TC105_EndToEndTest - *****TC105_EndToEndTest Finished*********
14:13:07.651 [main] DEBUG org.testng.TestNG - suiteXmlPath: "C:\Workspaces\Karthi_July_29 Space\adactinhotelapp\testng.xml"
14:13:07.871 [main] INFO  org.testng.internal.Utils - [TestNG] Running:
  C:\Workspaces\Karthi_July_29 Space\adactinhotelapp\testng.xml

14:13:11.329 [main] INFO  testCases.TC105_BookedCancellationTest - ********Started TC105_BookedCancellationTest*******
14:13:11.329 [main] INFO  testCases.TC105_BookedCancellationTest - Login Page...
14:13:11.508 [main] INFO  testCases.TC105_BookedCancellationTest - Provided user name and password......
14:13:12.221 [main] INFO  testCases.TC105_BookedCancellationTest - clicked login button......
14:13:13.372 [main] INFO  testCases.TC105_BookedCancellationTest - clicked Booked Itinerary button
14:13:13.372 [main] INFO  testCases.TC105_BookedCancellationTest - Booked Itinerary ......
14:13:17.890 [main] INFO  testCases.TC105_BookedCancellationTest - Entered the search ID and clicked GO button to cancel the booking......
14:13:28.744 [main] INFO  testCases.TC105_BookedCancellationTest - Cancelled the order successfully.......
14:13:32.261 [main] INFO  testCases.TC105_BookedCancellationTest - *****TC105_BookedCancellationTest Finished*********
14:14:46.097 [main] DEBUG org.testng.TestNG - suiteXmlPath: "C:\Workspaces\Karthi_July_29 Space\adactinhotelapp\testng.xml"
14:14:46.310 [main] INFO  org.testng.internal.Utils - [TestNG] Running:
  C:\Workspaces\Karthi_July_29 Space\adactinhotelapp\testng.xml

14:14:49.907 [main] INFO  testCases.TC105_BookedCancellationTest - ********Started TC105_BookedCancellationTest*******
14:14:49.907 [main] INFO  testCases.TC105_BookedCancellationTest - Login Page...
14:14:50.094 [main] INFO  testCases.TC105_BookedCancellationTest - Provided user name and password......
14:14:50.616 [main] INFO  testCases.TC105_BookedCancellationTest - clicked login button......
14:14:51.766 [main] INFO  testCases.TC105_BookedCancellationTest - clicked Booked Itinerary button
14:14:51.766 [main] INFO  testCases.TC105_BookedCancellationTest - Booked Itinerary ......
14:14:56.261 [main] INFO  testCases.TC105_BookedCancellationTest - Entered the search ID and clicked GO button to cancel the booking......
14:15:06.960 [main] INFO  testCases.TC105_BookedCancellationTest - Cancelled the order successfully.......
14:15:10.493 [main] INFO  testCases.TC105_BookedCancellationTest - *****TC105_BookedCancellationTest Finished*********
14:16:33.654 [main] DEBUG org.testng.TestNG - suiteXmlPath: "C:\Workspaces\Karthi_July_29 Space\adactinhotelapp\testng.xml"
14:16:33.871 [main] INFO  org.testng.internal.Utils - [TestNG] Running:
  C:\Workspaces\Karthi_July_29 Space\adactinhotelapp\testng.xml

14:16:37.588 [main] INFO  testCases.TC105_BookedCancellationTest - ********Started TC105_BookedCancellationTest*******
14:16:37.588 [main] INFO  testCases.TC105_BookedCancellationTest - Login Page...
14:16:38.364 [main] INFO  testCases.TC105_BookedCancellationTest - Provided user name and password......
14:16:38.897 [main] INFO  testCases.TC105_BookedCancellationTest - clicked login button......
14:16:40.263 [main] INFO  testCases.TC105_BookedCancellationTest - clicked Booked Itinerary button
14:16:40.263 [main] INFO  testCases.TC105_BookedCancellationTest - Booked Itinerary ......
14:16:44.690 [main] INFO  testCases.TC105_BookedCancellationTest - Entered the search ID and clicked GO button to cancel the booking......
14:16:55.447 [main] INFO  testCases.TC105_BookedCancellationTest - Cancelled the order successfully.......
14:16:58.986 [main] INFO  testCases.TC105_BookedCancellationTest - *****TC105_BookedCancellationTest Finished*********
